<?xml version="1.0" encoding="UTF-8"?>
<testsuite name="SillyTest" tests="5" skipped="0" failures="0" errors="0" timestamp="2022-09-15T02:15:39" hostname="Vidhis-MacBook-Pro.local" time="0.04">
  <properties/>
  <testcase name="testTask1" classname="SillyTest" time="0.023"/>
  <testcase name="testTask2" classname="SillyTest" time="0.009"/>
  <testcase name="testTask3" classname="SillyTest" time="0.0"/>
  <testcase name="testTask4" classname="SillyTest" time="0.003"/>
  <testcase name="testTask5" classname="SillyTest" time="0.002"/>
  <system-out><![CDATA[]]></system-out>
  <system-err><![CDATA[]]></system-err>
</testsuite>
